<?xml version="1.0" encoding="UTF-8"?>
<!-- Generated by org.testng.reporters.JUnitReportReporter -->
<testsuite hostname="SDVNSGN0209" name="webdriver.CheckEnvironment" tests="3" failures="0" timestamp="28 Apr 2020 10:20:06 GMT" time="0.093" errors="0">
  <testcase name="TC_01_ValidateCurrentUrl" time="0.016" classname="webdriver.CheckEnvironment"/>
  <testcase name="TC_03_LoginFormDisplayed" time="0.065" classname="webdriver.CheckEnvironment"/>
  <testcase name="TC_02_ValidatePageTitle" time="0.012" classname="webdriver.CheckEnvironment"/>
</testsuite> <!-- webdriver.CheckEnvironment -->
