<?xml version="1.0" encoding="UTF-8"?>
<!-- Generated by org.testng.reporters.JUnitReportReporter -->
<testsuite hostname="SDVNSGN0209" name="webdriver.SignUp" tests="1" failures="0" timestamp="4 May 2020 08:36:48 GMT" time="0.004" errors="0">
  <testcase name="TC_01_LoginEmptyUsernameAndPass" time="0.004" classname="webdriver.SignUp"/>
</testsuite> <!-- webdriver.SignUp -->
